[34m[1mwandb[0m: Detected [huggingface_hub.inference, openai] in use.
[34m[1mwandb[0m: Use W&B Weave for improved LLM call tracing. Install Weave with `pip install weave` then add `import weave` to the top of your script.
[34m[1mwandb[0m: For more information, check out the docs at: https://weave-docs.wandb.ai/
  0%|                                                                                                                                                               | 0/502 [00:00<?, ?it/s]Traceback (most recent call last):
  File "/home/liwt/anaconda3/envs/unsloth_env/lib/python3.11/site-packages/torch/utils/data/dataloader.py", line 1251, in _try_get_data
    data = self._data_queue.get(timeout=timeout)
           ^^^^^^^^^^^^^^^^^^^^^^^^^^^^^^^^^^^^^
  File "/home/liwt/anaconda3/envs/unsloth_env/lib/python3.11/queue.py", line 180, in get
    self.not_empty.wait(remaining)
  File "/home/liwt/anaconda3/envs/unsloth_env/lib/python3.11/threading.py", line 331, in wait
    gotit = waiter.acquire(True, timeout)
            ^^^^^^^^^^^^^^^^^^^^^^^^^^^^^
  File "/home/liwt/anaconda3/envs/unsloth_env/lib/python3.11/site-packages/torch/utils/data/_utils/signal_handling.py", line 73, in handler
    _error_if_any_worker_fails()
RuntimeError: DataLoader worker (pid 64663) is killed by signal: Killed.

The above exception was the direct cause of the following exception:

Traceback (most recent call last):
  File "/home/liwt/IVCP/unsloth/model.py", line 69, in <module>
    trainer.train()
  File "/home/liwt/IVCP/unsloth/unsloth_compiled_cache/UnslothSFTTrainer.py", line 55, in wrapper
    output = f(self, *args, **kwargs)
             ^^^^^^^^^^^^^^^^^^^^^^^^
  File "/home/liwt/anaconda3/envs/unsloth_env/lib/python3.11/site-packages/transformers/trainer.py", line 2325, in train
    return inner_training_loop(
           ^^^^^^^^^^^^^^^^^^^^
  File "/home/liwt/anaconda3/envs/unsloth_env/lib/python3.11/site-packages/accelerate/utils/memory.py", line 177, in decorator
    return function(batch_size, *args, **kwargs)
           ^^^^^^^^^^^^^^^^^^^^^^^^^^^^^^^^^^^^^
  File "<string>", line 272, in _fast_inner_training_loop
  File "/home/liwt/anaconda3/envs/unsloth_env/lib/python3.11/site-packages/unsloth_zoo/loss_utils.py", line 326, in _unsloth_get_batch_samples
    batch_samples += [next(epoch_iterator)]
                      ^^^^^^^^^^^^^^^^^^^^
  File "/home/liwt/anaconda3/envs/unsloth_env/lib/python3.11/site-packages/accelerate/data_loader.py", line 567, in __iter__
    current_batch = next(dataloader_iter)
                    ^^^^^^^^^^^^^^^^^^^^^
  File "/home/liwt/anaconda3/envs/unsloth_env/lib/python3.11/site-packages/torch/utils/data/dataloader.py", line 708, in __next__
    data = self._next_data()
           ^^^^^^^^^^^^^^^^^
  File "/home/liwt/anaconda3/envs/unsloth_env/lib/python3.11/site-packages/torch/utils/data/dataloader.py", line 1458, in _next_data
    idx, data = self._get_data()
                ^^^^^^^^^^^^^^^^
  File "/home/liwt/anaconda3/envs/unsloth_env/lib/python3.11/site-packages/torch/utils/data/dataloader.py", line 1410, in _get_data
    success, data = self._try_get_data()
                    ^^^^^^^^^^^^^^^^^^^^
  File "/home/liwt/anaconda3/envs/unsloth_env/lib/python3.11/site-packages/torch/utils/data/dataloader.py", line 1264, in _try_get_data
    raise RuntimeError(
RuntimeError: DataLoader worker (pid(s) 64663) exited unexpectedly
Traceback (most recent call last):
  File "/home/liwt/anaconda3/envs/unsloth_env/lib/python3.11/site-packages/torch/utils/data/dataloader.py", line 1251, in _try_get_data
    data = self._data_queue.get(timeout=timeout)
           ^^^^^^^^^^^^^^^^^^^^^^^^^^^^^^^^^^^^^
  File "/home/liwt/anaconda3/envs/unsloth_env/lib/python3.11/queue.py", line 180, in get
    self.not_empty.wait(remaining)
  File "/home/liwt/anaconda3/envs/unsloth_env/lib/python3.11/threading.py", line 331, in wait
    gotit = waiter.acquire(True, timeout)
            ^^^^^^^^^^^^^^^^^^^^^^^^^^^^^
  File "/home/liwt/anaconda3/envs/unsloth_env/lib/python3.11/site-packages/torch/utils/data/_utils/signal_handling.py", line 73, in handler
    _error_if_any_worker_fails()
RuntimeError: DataLoader worker (pid 64663) is killed by signal: Killed.

The above exception was the direct cause of the following exception:

Traceback (most recent call last):
  File "/home/liwt/IVCP/unsloth/model.py", line 69, in <module>
    trainer.train()
  File "/home/liwt/IVCP/unsloth/unsloth_compiled_cache/UnslothSFTTrainer.py", line 55, in wrapper
    output = f(self, *args, **kwargs)
             ^^^^^^^^^^^^^^^^^^^^^^^^
  File "/home/liwt/anaconda3/envs/unsloth_env/lib/python3.11/site-packages/transformers/trainer.py", line 2325, in train
    return inner_training_loop(
           ^^^^^^^^^^^^^^^^^^^^
  File "/home/liwt/anaconda3/envs/unsloth_env/lib/python3.11/site-packages/accelerate/utils/memory.py", line 177, in decorator
    return function(batch_size, *args, **kwargs)
           ^^^^^^^^^^^^^^^^^^^^^^^^^^^^^^^^^^^^^
  File "<string>", line 272, in _fast_inner_training_loop
  File "/home/liwt/anaconda3/envs/unsloth_env/lib/python3.11/site-packages/unsloth_zoo/loss_utils.py", line 326, in _unsloth_get_batch_samples
    batch_samples += [next(epoch_iterator)]
                      ^^^^^^^^^^^^^^^^^^^^
  File "/home/liwt/anaconda3/envs/unsloth_env/lib/python3.11/site-packages/accelerate/data_loader.py", line 567, in __iter__
    current_batch = next(dataloader_iter)
                    ^^^^^^^^^^^^^^^^^^^^^
  File "/home/liwt/anaconda3/envs/unsloth_env/lib/python3.11/site-packages/torch/utils/data/dataloader.py", line 708, in __next__
    data = self._next_data()
           ^^^^^^^^^^^^^^^^^
  File "/home/liwt/anaconda3/envs/unsloth_env/lib/python3.11/site-packages/torch/utils/data/dataloader.py", line 1458, in _next_data
    idx, data = self._get_data()
                ^^^^^^^^^^^^^^^^
  File "/home/liwt/anaconda3/envs/unsloth_env/lib/python3.11/site-packages/torch/utils/data/dataloader.py", line 1410, in _get_data
    success, data = self._try_get_data()
                    ^^^^^^^^^^^^^^^^^^^^
  File "/home/liwt/anaconda3/envs/unsloth_env/lib/python3.11/site-packages/torch/utils/data/dataloader.py", line 1264, in _try_get_data
    raise RuntimeError(
RuntimeError: DataLoader worker (pid(s) 64663) exited unexpectedly
